[debug] [2023-01-26T06:21:15.982Z] ----------------------------------------------------------------------
[debug] [2023-01-26T06:21:15.985Z] Command:       C:\Program Files\nodejs\node.exe C:\Users\Shuvo\AppData\Roaming\npm\node_modules\firebase-tools\lib\bin\firebase.js deploy
[debug] [2023-01-26T06:21:15.986Z] CLI Version:   11.3.0
[debug] [2023-01-26T06:21:15.986Z] Platform:      win32
[debug] [2023-01-26T06:21:15.986Z] Node Version:  v16.15.0
[debug] [2023-01-26T06:21:15.994Z] Time:          Thu Jan 26 2023 12:21:15 GMT+0600 (Bangladesh Standard Time)
[debug] [2023-01-26T06:21:15.994Z] ----------------------------------------------------------------------
[debug] 
[debug] [2023-01-26T06:21:15.999Z] >>> [apiv2][query] GET https://firebase-public.firebaseio.com/cli.json [none]
[debug] [2023-01-26T06:21:16.115Z] > command requires scopes: ["email","openid","https://www.googleapis.com/auth/cloudplatformprojects.readonly","https://www.googleapis.com/auth/firebase","https://www.googleapis.com/auth/cloud-platform"]
[debug] [2023-01-26T06:21:16.116Z] > authorizing via signed-in user (shuvohossain794@gmail.com)
[debug] [2023-01-26T06:21:16.116Z] [iam] checking project edubro6 for permissions ["firebase.projects.get","firebasehosting.sites.update"]
[debug] [2023-01-26T06:21:16.117Z] > refreshing access token with scopes: []
[debug] [2023-01-26T06:21:16.119Z] >>> [apiv2][query] POST https://www.googleapis.com/oauth2/v3/token [none]
[debug] [2023-01-26T06:21:16.119Z] >>> [apiv2][body] POST https://www.googleapis.com/oauth2/v3/token [omitted]
[debug] [2023-01-26T06:21:16.459Z] <<< [apiv2][status] POST https://www.googleapis.com/oauth2/v3/token 200
[debug] [2023-01-26T06:21:16.459Z] <<< [apiv2][body] POST https://www.googleapis.com/oauth2/v3/token [omitted]
[debug] [2023-01-26T06:21:16.471Z] >>> [apiv2][query] POST https://cloudresourcemanager.googleapis.com/v1/projects/edubro6:testIamPermissions [none]
[debug] [2023-01-26T06:21:16.472Z] >>> [apiv2][body] POST https://cloudresourcemanager.googleapis.com/v1/projects/edubro6:testIamPermissions {"permissions":["firebase.projects.get","firebasehosting.sites.update"]}
[debug] [2023-01-26T06:21:16.876Z] <<< [apiv2][status] GET https://firebase-public.firebaseio.com/cli.json 200
[debug] [2023-01-26T06:21:16.876Z] <<< [apiv2][body] GET https://firebase-public.firebaseio.com/cli.json {"cloudBuildErrorAfter":1594252800000,"cloudBuildWarnAfter":1590019200000,"defaultNode10After":1594252800000,"minVersion":"3.0.5","node8DeploysDisabledAfter":1613390400000,"node8RuntimeDisabledAfter":1615809600000,"node8WarnAfter":1600128000000}
[debug] [2023-01-26T06:21:18.236Z] <<< [apiv2][status] POST https://cloudresourcemanager.googleapis.com/v1/projects/edubro6:testIamPermissions 200
[debug] [2023-01-26T06:21:18.236Z] <<< [apiv2][body] POST https://cloudresourcemanager.googleapis.com/v1/projects/edubro6:testIamPermissions {}
[debug] [2023-01-26T06:21:18.237Z] [iam] error while checking permissions, command may fail: FirebaseError: Authorization failed. This account is missing the following required permissions on project edubro6:

  firebase.projects.get
  firebasehosting.sites.update
[debug] [2023-01-26T06:21:18.238Z] >>> [apiv2][query] GET https://firebase.googleapis.com/v1beta1/projects/edubro6 [none]
[debug] [2023-01-26T06:21:18.884Z] <<< [apiv2][status] GET https://firebase.googleapis.com/v1beta1/projects/edubro6 403
[debug] [2023-01-26T06:21:18.884Z] <<< [apiv2][body] GET https://firebase.googleapis.com/v1beta1/projects/edubro6 {"error":{"code":403,"message":"The caller does not have permission","status":"PERMISSION_DENIED"}}
[debug] [2023-01-26T06:21:18.885Z] HTTP Error: 403, The caller does not have permission
[debug] [2023-01-26T06:21:19.172Z] FirebaseError: HTTP Error: 403, The caller does not have permission
    at responseToError (C:\Users\Shuvo\AppData\Roaming\npm\node_modules\firebase-tools\lib\responseToError.js:49:12)
    at RetryOperation._fn (C:\Users\Shuvo\AppData\Roaming\npm\node_modules\firebase-tools\lib\apiv2.js:287:77)
    at processTicksAndRejections (node:internal/process/task_queues:96:5)
[error] 
[error] Error: Failed to get Firebase project edubro6. Please make sure the project exists and your account has permission to access it.
[debug] [2023-02-02T00:26:49.596Z] ----------------------------------------------------------------------
[debug] [2023-02-02T00:26:49.599Z] Command:       C:\Program Files\nodejs\node.exe C:\Users\Shuvo\AppData\Roaming\npm\node_modules\firebase-tools\lib\bin\firebase.js deploy
[debug] [2023-02-02T00:26:49.599Z] CLI Version:   11.3.0
[debug] [2023-02-02T00:26:49.600Z] Platform:      win32
[debug] [2023-02-02T00:26:49.600Z] Node Version:  v16.15.0
[debug] [2023-02-02T00:26:49.610Z] Time:          Thu Feb 02 2023 06:26:49 GMT+0600 (Bangladesh Standard Time)
[debug] [2023-02-02T00:26:49.610Z] ----------------------------------------------------------------------
[debug] 
[debug] [2023-02-02T00:26:49.614Z] >>> [apiv2][query] GET https://firebase-public.firebaseio.com/cli.json [none]
[debug] [2023-02-02T00:26:49.727Z] > command requires scopes: ["email","openid","https://www.googleapis.com/auth/cloudplatformprojects.readonly","https://www.googleapis.com/auth/firebase","https://www.googleapis.com/auth/cloud-platform"]
[debug] [2023-02-02T00:26:49.728Z] > authorizing via signed-in user (shuvohossain794@gmail.com)
[debug] [2023-02-02T00:26:49.728Z] [iam] checking project edubro6 for permissions ["firebase.projects.get","firebasehosting.sites.update"]
[debug] [2023-02-02T00:26:49.730Z] > refreshing access token with scopes: []
[debug] [2023-02-02T00:26:49.731Z] >>> [apiv2][query] POST https://www.googleapis.com/oauth2/v3/token [none]
[debug] [2023-02-02T00:26:49.731Z] >>> [apiv2][body] POST https://www.googleapis.com/oauth2/v3/token [omitted]
[debug] [2023-02-02T00:26:50.070Z] <<< [apiv2][status] POST https://www.googleapis.com/oauth2/v3/token 200
[debug] [2023-02-02T00:26:50.070Z] <<< [apiv2][body] POST https://www.googleapis.com/oauth2/v3/token [omitted]
[debug] [2023-02-02T00:26:50.083Z] >>> [apiv2][query] POST https://cloudresourcemanager.googleapis.com/v1/projects/edubro6:testIamPermissions [none]
[debug] [2023-02-02T00:26:50.084Z] >>> [apiv2][body] POST https://cloudresourcemanager.googleapis.com/v1/projects/edubro6:testIamPermissions {"permissions":["firebase.projects.get","firebasehosting.sites.update"]}
[debug] [2023-02-02T00:26:50.413Z] <<< [apiv2][status] GET https://firebase-public.firebaseio.com/cli.json 200
[debug] [2023-02-02T00:26:50.413Z] <<< [apiv2][body] GET https://firebase-public.firebaseio.com/cli.json {"cloudBuildErrorAfter":1594252800000,"cloudBuildWarnAfter":1590019200000,"defaultNode10After":1594252800000,"minVersion":"3.0.5","node8DeploysDisabledAfter":1613390400000,"node8RuntimeDisabledAfter":1615809600000,"node8WarnAfter":1600128000000}
[debug] [2023-02-02T00:26:51.844Z] <<< [apiv2][status] POST https://cloudresourcemanager.googleapis.com/v1/projects/edubro6:testIamPermissions 200
[debug] [2023-02-02T00:26:51.844Z] <<< [apiv2][body] POST https://cloudresourcemanager.googleapis.com/v1/projects/edubro6:testIamPermissions {}
[debug] [2023-02-02T00:26:51.845Z] [iam] error while checking permissions, command may fail: FirebaseError: Authorization failed. This account is missing the following required permissions on project edubro6:

  firebase.projects.get
  firebasehosting.sites.update
[debug] [2023-02-02T00:26:51.846Z] >>> [apiv2][query] GET https://firebase.googleapis.com/v1beta1/projects/edubro6 [none]
[debug] [2023-02-02T00:26:52.611Z] <<< [apiv2][status] GET https://firebase.googleapis.com/v1beta1/projects/edubro6 403
[debug] [2023-02-02T00:26:52.612Z] <<< [apiv2][body] GET https://firebase.googleapis.com/v1beta1/projects/edubro6 {"error":{"code":403,"message":"The caller does not have permission","status":"PERMISSION_DENIED"}}
[debug] [2023-02-02T00:26:52.613Z] HTTP Error: 403, The caller does not have permission
[debug] [2023-02-02T00:26:53.057Z] FirebaseError: HTTP Error: 403, The caller does not have permission
    at responseToError (C:\Users\Shuvo\AppData\Roaming\npm\node_modules\firebase-tools\lib\responseToError.js:49:12)
    at RetryOperation._fn (C:\Users\Shuvo\AppData\Roaming\npm\node_modules\firebase-tools\lib\apiv2.js:287:77)
    at processTicksAndRejections (node:internal/process/task_queues:96:5)
[error] 
[error] Error: Failed to get Firebase project edubro6. Please make sure the project exists and your account has permission to access it.
[debug] [2023-02-02T03:17:37.666Z] ----------------------------------------------------------------------
[debug] [2023-02-02T03:17:37.668Z] Command:       C:\Program Files\nodejs\node.exe C:\Users\Shuvo\AppData\Roaming\npm\node_modules\firebase-tools\lib\bin\firebase.js deploy
[debug] [2023-02-02T03:17:37.669Z] CLI Version:   11.3.0
[debug] [2023-02-02T03:17:37.669Z] Platform:      win32
[debug] [2023-02-02T03:17:37.669Z] Node Version:  v16.15.0
[debug] [2023-02-02T03:17:37.692Z] Time:          Thu Feb 02 2023 09:17:37 GMT+0600 (Bangladesh Standard Time)
[debug] [2023-02-02T03:17:37.692Z] ----------------------------------------------------------------------
[debug] 
[debug] [2023-02-02T03:17:37.795Z] > command requires scopes: ["email","openid","https://www.googleapis.com/auth/cloudplatformprojects.readonly","https://www.googleapis.com/auth/firebase","https://www.googleapis.com/auth/cloud-platform"]
[debug] [2023-02-02T03:17:37.796Z] > authorizing via signed-in user (shuvohossain794@gmail.com)
[debug] [2023-02-02T03:17:37.796Z] [iam] checking project edubro6 for permissions ["firebase.projects.get","firebasehosting.sites.update"]
[debug] [2023-02-02T03:17:37.798Z] > refreshing access token with scopes: []
[debug] [2023-02-02T03:17:37.801Z] >>> [apiv2][query] POST https://www.googleapis.com/oauth2/v3/token [none]
[debug] [2023-02-02T03:17:37.801Z] >>> [apiv2][body] POST https://www.googleapis.com/oauth2/v3/token [omitted]
[debug] [2023-02-02T03:17:38.216Z] <<< [apiv2][status] POST https://www.googleapis.com/oauth2/v3/token 200
[debug] [2023-02-02T03:17:38.216Z] <<< [apiv2][body] POST https://www.googleapis.com/oauth2/v3/token [omitted]
[debug] [2023-02-02T03:17:38.230Z] >>> [apiv2][query] POST https://cloudresourcemanager.googleapis.com/v1/projects/edubro6:testIamPermissions [none]
[debug] [2023-02-02T03:17:38.230Z] >>> [apiv2][body] POST https://cloudresourcemanager.googleapis.com/v1/projects/edubro6:testIamPermissions {"permissions":["firebase.projects.get","firebasehosting.sites.update"]}
[debug] [2023-02-02T03:17:40.016Z] <<< [apiv2][status] POST https://cloudresourcemanager.googleapis.com/v1/projects/edubro6:testIamPermissions 200
[debug] [2023-02-02T03:17:40.016Z] <<< [apiv2][body] POST https://cloudresourcemanager.googleapis.com/v1/projects/edubro6:testIamPermissions {}
[debug] [2023-02-02T03:17:40.017Z] [iam] error while checking permissions, command may fail: FirebaseError: Authorization failed. This account is missing the following required permissions on project edubro6:

  firebase.projects.get
  firebasehosting.sites.update
[debug] [2023-02-02T03:17:40.018Z] >>> [apiv2][query] GET https://firebase.googleapis.com/v1beta1/projects/edubro6 [none]
[debug] [2023-02-02T03:17:40.589Z] <<< [apiv2][status] GET https://firebase.googleapis.com/v1beta1/projects/edubro6 403
[debug] [2023-02-02T03:17:40.589Z] <<< [apiv2][body] GET https://firebase.googleapis.com/v1beta1/projects/edubro6 {"error":{"code":403,"message":"The caller does not have permission","status":"PERMISSION_DENIED"}}
[debug] [2023-02-02T03:17:40.590Z] HTTP Error: 403, The caller does not have permission
[debug] [2023-02-02T03:17:40.869Z] FirebaseError: HTTP Error: 403, The caller does not have permission
    at responseToError (C:\Users\Shuvo\AppData\Roaming\npm\node_modules\firebase-tools\lib\responseToError.js:49:12)
    at RetryOperation._fn (C:\Users\Shuvo\AppData\Roaming\npm\node_modules\firebase-tools\lib\apiv2.js:287:77)
    at processTicksAndRejections (node:internal/process/task_queues:96:5)
[error] 
[error] Error: Failed to get Firebase project edubro6. Please make sure the project exists and your account has permission to access it.
